-------------------------------------------------------------------------------
Test set: JunitTest
-------------------------------------------------------------------------------
Tests run: 1, Failures: 1, Errors: 0, Skipped: 0, Time elapsed: 0.029 s <<< FAILURE! - in JunitTest
myTest  Time elapsed: 0.015 s  <<< FAILURE!
io.kotest.assertions.AssertionFailedError: expected:<2> but was:<5>
	at JunitTest.myTest(JunitTest.kt:7)

